<?xml version="1.0" encoding="UTF-8"?>
<testsuite xmlns:xsi="http://www.w3.org/2001/XMLSchema-instance" xsi:noNamespaceSchemaLocation="https://maven.apache.org/surefire/maven-surefire-plugin/xsd/surefire-test-report-3.0.xsd" version="3.0" name="com.github.imvsaurabh.jpql.NewappApplicationTests" time="6.671" tests="1" errors="0" skipped="0" failures="0">
  <properties>
[...]
</properties>
  <testcase name="contextLoads" classname="com.github.imvsaurabh.jpql.NewappApplicationTests" time="0.457">
    <system-out><![CDATA[16:00:58.116 [main] INFO org.springframework.test.context.support.AnnotationConfigContextLoaderUtils -- Could not detect default configuration classes for test class [com.github.imvsaurabh.jpql.NewappApplicationTests]: NewappApplicationTests does not declare any static, non-private, non-final, nested classes annotated with @Configuration.
16:00:58.263 [main] INFO org.springframework.boot.test.context.SpringBootTestContextBootstrapper -- Found @SpringBootConfiguration com.github.imvsaurabh.jpql.Application for test class com.github.imvsaurabh.jpql.NewappApplicationTests
  .   ____          _            __ _ _
 /\\ / ___'_ __ _ _(_)_ __  __ _ \ \ \ \
( ( )\___ | '_ | '_| | '_ \/ _` | \ \ \ \
 \\/  ___)| |_)| | | | | || (_| |  ) ) ) )
  '  |____| .__|_| |_|_| |_\__, | / / / /
 =========|_|==============|___/=/_/_/_/

 :: Spring Boot ::                (v3.3.0)

2024-05-26T16:00:58.843+05:30  INFO 18008 --- [test-jpql-method-query] [           main] c.g.i.jpql.NewappApplicationTests        : Starting NewappApplicationTests using Java 21.0.2 with PID 18008 (started by saurabh in D:\Development\Java_Projects\newapp)
2024-05-26T16:00:58.845+05:30  INFO 18008 --- [test-jpql-method-query] [           main] c.g.i.jpql.NewappApplicationTests        : No active profile set, falling back to 1 default profile: "default"
2024-05-26T16:00:59.565+05:30  INFO 18008 --- [test-jpql-method-query] [           main] .s.d.r.c.RepositoryConfigurationDelegate : Bootstrapping Spring Data JPA repositories in DEFAULT mode.
2024-05-26T16:00:59.696+05:30  INFO 18008 --- [test-jpql-method-query] [           main] .s.d.r.c.RepositoryConfigurationDelegate : Finished Spring Data repository scanning in 117 ms. Found 1 JPA repository interface.
2024-05-26T16:01:00.213+05:30  INFO 18008 --- [test-jpql-method-query] [           main] o.hibernate.jpa.internal.util.LogHelper  : HHH000204: Processing PersistenceUnitInfo [name: default]
2024-05-26T16:01:00.276+05:30  INFO 18008 --- [test-jpql-method-query] [           main] org.hibernate.Version                    : HHH000412: Hibernate ORM core version 6.5.2.Final
2024-05-26T16:01:00.330+05:30  INFO 18008 --- [test-jpql-method-query] [           main] o.h.c.internal.RegionFactoryInitiator    : HHH000026: Second-level cache disabled
2024-05-26T16:01:00.719+05:30  INFO 18008 --- [test-jpql-method-query] [           main] o.s.o.j.p.SpringPersistenceUnitInfo      : No LoadTimeWeaver setup: ignoring JPA class transformer
2024-05-26T16:01:00.755+05:30  INFO 18008 --- [test-jpql-method-query] [           main] com.zaxxer.hikari.HikariDataSource       : HikariPool-1 - Starting...
2024-05-26T16:01:01.252+05:30  INFO 18008 --- [test-jpql-method-query] [           main] com.zaxxer.hikari.pool.HikariPool        : HikariPool-1 - Added connection com.mysql.cj.jdbc.ConnectionImpl@627bcd7e
2024-05-26T16:01:01.254+05:30  INFO 18008 --- [test-jpql-method-query] [           main] com.zaxxer.hikari.HikariDataSource       : HikariPool-1 - Start completed.
2024-05-26T16:01:02.174+05:30  INFO 18008 --- [test-jpql-method-query] [           main] o.h.e.t.j.p.i.JtaPlatformInitiator       : HHH000489: No JTA platform available (set 'hibernate.transaction.jta.platform' to enable JTA platform integration)
2024-05-26T16:01:02.225+05:30  INFO 18008 --- [test-jpql-method-query] [           main] j.LocalContainerEntityManagerFactoryBean : Initialized JPA EntityManagerFactory for persistence unit 'default'
2024-05-26T16:01:02.637+05:30  INFO 18008 --- [test-jpql-method-query] [           main] o.s.d.j.r.query.QueryEnhancerFactory     : Hibernate is in classpath; If applicable, HQL parser will be used.
2024-05-26T16:01:03.945+05:30  INFO 18008 --- [test-jpql-method-query] [           main] c.g.i.jpql.NewappApplicationTests        : Started NewappApplicationTests in 5.497 seconds (process running for 6.749)
Hibernate: select tt1_0.id,tt1_0.eventData,tt1_0.fltKey,tt1_0.recLoc from TestTbl tt1_0 where tt1_0.fltKey=? and (tt1_0.recLoc is null or tt1_0.recLoc=?)
TestTbl(id=1, fltKey=100:26052024:UA, recLoc=ABC123, eventData=I am data)
TestTbl(id=2, fltKey=100:26052024:UA, recLoc=ABC123, eventData=I am data)
TestTbl(id=3, fltKey=100:26052024:UA, recLoc=ABC123, eventData=I am data)
TestTbl(id=4, fltKey=100:26052024:UA, recLoc=null, eventData=I am data)
TestTbl(id=5, fltKey=100:26052024:UA, recLoc=null, eventData=I am also data)
]]></system-out>
    <system-err><![CDATA[WARNING: A Java agent has been loaded dynamically (C:\Users\saurabh\.m2\repository\net\bytebuddy\byte-buddy-agent\1.14.16\byte-buddy-agent-1.14.16.jar)
WARNING: If a serviceability tool is in use, please run with -XX:+EnableDynamicAgentLoading to hide this warning
WARNING: If a serviceability tool is not in use, please run with -Djdk.instrument.traceUsage for more information
WARNING: Dynamic loading of agents will be disallowed by default in a future release
]]></system-err>
  </testcase>
</testsuite>